<?xml version="1.0" encoding="UTF-8"?>
<!-- Generated by org.testng.reporters.JUnitReportReporter -->
<testsuite hostname="sukani" failures="0" tests="5" name="com.crm.qa.testcases.ContactsPageTest" time="64.861" errors="0" timestamp="30 Aug. 2021 22:10:45 GMT" skipped="0">
  <testcase classname="com.crm.qa.testcases.ContactsPageTest" name="verifyContactsPageTitleTest" time="10.919"/>
  <testcase classname="com.crm.qa.testcases.ContactsPageTest" name="selectContactsTest" time="14.205"/>
  <testcase classname="com.crm.qa.testcases.ContactsPageTest" name="selectMultipleContactsTest" time="12.221"/>
  <testcase classname="com.crm.qa.testcases.ContactsPageTest" name="validateNewContact" time="13.033"/>
  <testcase classname="com.crm.qa.testcases.ContactsPageTest" name="validateNewContact" time="14.483"/>
</testsuite> <!-- com.crm.qa.testcases.ContactsPageTest -->
