<?xml version="1.0" encoding="UTF-8"?>
<!-- Generated by org.testng.reporters.JUnitReportReporter -->
<testsuite hostname="sukani" failures="0" tests="1" name="com.crm.qa.testcases.HomePageTest" time="9.946" errors="0" timestamp="30 Aug. 2021 22:08:45 GMT" skipped="0">
  <testcase classname="com.crm.qa.testcases.HomePageTest" name="verifyHomePageTitleTest" time="9.946"/>
</testsuite> <!-- com.crm.qa.testcases.HomePageTest -->
