<?xml version="1.0" encoding="UTF-8"?>
<!-- Generated by org.testng.reporters.JUnitReportReporter -->
<testsuite hostname="sukani" failures="0" tests="2" name="com.crm.qa.testcases.LoginPageTest" time="19.815" errors="0" timestamp="30 Aug. 2021 22:08:45 GMT" skipped="0">
  <testcase classname="com.crm.qa.testcases.LoginPageTest" name="loginPageTitleTest" time="6.978"/>
  <testcase classname="com.crm.qa.testcases.LoginPageTest" name="loginTest" time="12.837"/>
</testsuite> <!-- com.crm.qa.testcases.LoginPageTest -->
