<?xml version="1.0" encoding="UTF-8"?>
<!-- Generated by org.testng.reporters.JUnitReportReporter -->
<testsuite skipped="0" hostname="sukani" name="com.crm.qa.testcases.LoginPageTest" tests="1" failures="0" timestamp="21 Aug 2021 01:44:37 GMT" time="6.918" errors="0">
  <testcase name="loginPageTitleTest" time="6.918" classname="com.crm.qa.testcases.LoginPageTest"/>
</testsuite> <!-- com.crm.qa.testcases.LoginPageTest -->
