<?xml version="1.0" encoding="UTF-8"?>
<!-- Generated by org.testng.reporters.JUnitReportReporter -->
<testsuite skipped="0" hostname="sukani" name="com.crm.qa.testcases.HomePageTest" tests="1" failures="0" timestamp="21 Aug 2021 01:44:37 GMT" time="12.735" errors="0">
  <testcase name="verifyHomePageTitleTest" time="12.735" classname="com.crm.qa.testcases.HomePageTest"/>
</testsuite> <!-- com.crm.qa.testcases.HomePageTest -->
